Analysis & Synthesis report for Pong_Game
Thu Nov 23 07:31:50 2017
Quartus II 64-Bit Version 13.0.0 Build 156 04/24/2013 SJ Web Edition


---------------------
; Table of Contents ;
---------------------
  1. Legal Notice
  2. Analysis & Synthesis Summary
  3. Analysis & Synthesis Settings
  4. Parallel Compilation
  5. Analysis & Synthesis Source Files Read
  6. Analysis & Synthesis Resource Usage Summary
  7. Analysis & Synthesis Resource Utilization by Entity
  8. User-Specified and Inferred Latches
  9. Registers Removed During Synthesis
 10. General Register Statistics
 11. Inverted Register Statistics
 12. Multiplexer Restructuring Statistics (Restructuring Performed)
 13. Parameter Settings for Inferred Entity Instance: lpm_divide:Mod0
 14. Parameter Settings for Inferred Entity Instance: lpm_divide:Div0
 15. Parameter Settings for Inferred Entity Instance: lpm_divide:Mod1
 16. Parameter Settings for Inferred Entity Instance: lpm_divide:Div1
 17. Elapsed Time Per Partition
 18. Analysis & Synthesis Messages



----------------
; Legal Notice ;
----------------
Copyright (C) 1991-2013 Altera Corporation
Your use of Altera Corporation's design tools, logic functions 
and other software and tools, and its AMPP partner logic 
functions, and any output files from any of the foregoing 
(including device programming or simulation files), and any 
associated documentation or information are expressly subject 
to the terms and conditions of the Altera Program License 
Subscription Agreement, Altera MegaCore Function License 
Agreement, or other applicable license agreement, including, 
without limitation, that your use is for the sole purpose of 
programming logic devices manufactured by Altera and sold by 
Altera or its authorized distributors.  Please refer to the 
applicable agreement for further details.



+---------------------------------------------------------------------------------+
; Analysis & Synthesis Summary                                                    ;
+------------------------------------+--------------------------------------------+
; Analysis & Synthesis Status        ; Successful - Thu Nov 23 07:31:50 2017      ;
; Quartus II 64-Bit Version          ; 13.0.0 Build 156 04/24/2013 SJ Web Edition ;
; Revision Name                      ; Pong_Game                                  ;
; Top-level Entity Name              ; Pong_Game                                  ;
; Family                             ; Cyclone II                                 ;
; Total logic elements               ; 6,845                                      ;
;     Total combinational functions  ; 6,789                                      ;
;     Dedicated logic registers      ; 431                                        ;
; Total registers                    ; 431                                        ;
; Total pins                         ; 96                                         ;
; Total virtual pins                 ; 0                                          ;
; Total memory bits                  ; 0                                          ;
; Embedded Multiplier 9-bit elements ; 0                                          ;
; Total PLLs                         ; 0                                          ;
+------------------------------------+--------------------------------------------+


+----------------------------------------------------------------------------------------------------------------------+
; Analysis & Synthesis Settings                                                                                        ;
+----------------------------------------------------------------------------+--------------------+--------------------+
; Option                                                                     ; Setting            ; Default Value      ;
+----------------------------------------------------------------------------+--------------------+--------------------+
; Device                                                                     ; EP2C35F672C6       ;                    ;
; Top-level entity name                                                      ; Pong_Game          ; Pong_Game          ;
; Family name                                                                ; Cyclone II         ; Cyclone IV GX      ;
; Use smart compilation                                                      ; Off                ; Off                ;
; Enable parallel Assembler and TimeQuest Timing Analyzer during compilation ; On                 ; On                 ;
; Enable compact report table                                                ; Off                ; Off                ;
; Restructure Multiplexers                                                   ; Auto               ; Auto               ;
; Create Debugging Nodes for IP Cores                                        ; Off                ; Off                ;
; Preserve fewer node names                                                  ; On                 ; On                 ;
; Disable OpenCore Plus hardware evaluation                                  ; Off                ; Off                ;
; Verilog Version                                                            ; Verilog_2001       ; Verilog_2001       ;
; VHDL Version                                                               ; VHDL_1993          ; VHDL_1993          ;
; State Machine Processing                                                   ; Auto               ; Auto               ;
; Safe State Machine                                                         ; Off                ; Off                ;
; Extract Verilog State Machines                                             ; On                 ; On                 ;
; Extract VHDL State Machines                                                ; On                 ; On                 ;
; Ignore Verilog initial constructs                                          ; Off                ; Off                ;
; Iteration limit for constant Verilog loops                                 ; 5000               ; 5000               ;
; Iteration limit for non-constant Verilog loops                             ; 250                ; 250                ;
; Add Pass-Through Logic to Inferred RAMs                                    ; On                 ; On                 ;
; Infer RAMs from Raw Logic                                                  ; On                 ; On                 ;
; Parallel Synthesis                                                         ; On                 ; On                 ;
; DSP Block Balancing                                                        ; Auto               ; Auto               ;
; NOT Gate Push-Back                                                         ; On                 ; On                 ;
; Power-Up Don't Care                                                        ; On                 ; On                 ;
; Remove Redundant Logic Cells                                               ; Off                ; Off                ;
; Remove Duplicate Registers                                                 ; On                 ; On                 ;
; Ignore CARRY Buffers                                                       ; Off                ; Off                ;
; Ignore CASCADE Buffers                                                     ; Off                ; Off                ;
; Ignore GLOBAL Buffers                                                      ; Off                ; Off                ;
; Ignore ROW GLOBAL Buffers                                                  ; Off                ; Off                ;
; Ignore LCELL Buffers                                                       ; Off                ; Off                ;
; Ignore SOFT Buffers                                                        ; On                 ; On                 ;
; Limit AHDL Integers to 32 Bits                                             ; Off                ; Off                ;
; Optimization Technique                                                     ; Balanced           ; Balanced           ;
; Carry Chain Length                                                         ; 70                 ; 70                 ;
; Auto Carry Chains                                                          ; On                 ; On                 ;
; Auto Open-Drain Pins                                                       ; On                 ; On                 ;
; Perform WYSIWYG Primitive Resynthesis                                      ; Off                ; Off                ;
; Auto ROM Replacement                                                       ; On                 ; On                 ;
; Auto RAM Replacement                                                       ; On                 ; On                 ;
; Auto Shift Register Replacement                                            ; Auto               ; Auto               ;
; Allow Shift Register Merging across Hierarchies                            ; Auto               ; Auto               ;
; Auto Clock Enable Replacement                                              ; On                 ; On                 ;
; Strict RAM Replacement                                                     ; Off                ; Off                ;
; Allow Synchronous Control Signals                                          ; On                 ; On                 ;
; Force Use of Synchronous Clear Signals                                     ; Off                ; Off                ;
; Auto RAM to Logic Cell Conversion                                          ; Off                ; Off                ;
; Auto Resource Sharing                                                      ; Off                ; Off                ;
; Allow Any RAM Size For Recognition                                         ; Off                ; Off                ;
; Allow Any ROM Size For Recognition                                         ; Off                ; Off                ;
; Allow Any Shift Register Size For Recognition                              ; Off                ; Off                ;
; Use LogicLock Constraints during Resource Balancing                        ; On                 ; On                 ;
; Ignore translate_off and synthesis_off directives                          ; Off                ; Off                ;
; Timing-Driven Synthesis                                                    ; Off                ; Off                ;
; Report Parameter Settings                                                  ; On                 ; On                 ;
; Report Source Assignments                                                  ; On                 ; On                 ;
; Report Connectivity Checks                                                 ; On                 ; On                 ;
; Ignore Maximum Fan-Out Assignments                                         ; Off                ; Off                ;
; Synchronization Register Chain Length                                      ; 2                  ; 2                  ;
; PowerPlay Power Optimization                                               ; Normal compilation ; Normal compilation ;
; HDL message level                                                          ; Level2             ; Level2             ;
; Suppress Register Optimization Related Messages                            ; Off                ; Off                ;
; Number of Removed Registers Reported in Synthesis Report                   ; 5000               ; 5000               ;
; Number of Swept Nodes Reported in Synthesis Report                         ; 5000               ; 5000               ;
; Number of Inverted Registers Reported in Synthesis Report                  ; 100                ; 100                ;
; Clock MUX Protection                                                       ; On                 ; On                 ;
; Auto Gated Clock Conversion                                                ; Off                ; Off                ;
; Block Design Naming                                                        ; Auto               ; Auto               ;
; SDC constraint protection                                                  ; Off                ; Off                ;
; Synthesis Effort                                                           ; Auto               ; Auto               ;
; Shift Register Replacement - Allow Asynchronous Clear Signal               ; On                 ; On                 ;
; Pre-Mapping Resynthesis Optimization                                       ; Off                ; Off                ;
; Analysis & Synthesis Message Level                                         ; Medium             ; Medium             ;
; Disable Register Merging Across Hierarchies                                ; Auto               ; Auto               ;
; Resource Aware Inference For Block RAM                                     ; On                 ; On                 ;
; Synthesis Seed                                                             ; 1                  ; 1                  ;
+----------------------------------------------------------------------------+--------------------+--------------------+


+------------------------------------------+
; Parallel Compilation                     ;
+----------------------------+-------------+
; Processors                 ; Number      ;
+----------------------------+-------------+
; Number detected on machine ; 12          ;
; Maximum allowed            ; 6           ;
;                            ;             ;
; Average used               ; 1.00        ;
; Maximum used               ; 1           ;
;                            ;             ;
; Usage by Processor         ; % Time Used ;
;     Processor 1            ; 100.0%      ;
;     Processors 2-12        ;   0.0%      ;
+----------------------------+-------------+


+-------------------------------------------------------------------------------------------------------------------------------------------------------------+
; Analysis & Synthesis Source Files Read                                                                                                                      ;
+----------------------------------+-----------------+------------------------------+---------------------------------------------------------------+---------+
; File Name with User-Entered Path ; Used in Netlist ; File Type                    ; File Name with Absolute Path                                  ; Library ;
+----------------------------------+-----------------+------------------------------+---------------------------------------------------------------+---------+
; Pong_Game.vhd                    ; yes             ; User VHDL File               ; J:/Quartus File/Pong_Game/Pong_Game.vhd                       ;         ;
; lpm_divide.tdf                   ; yes             ; Megafunction                 ; j:/altera/quartus/libraries/megafunctions/lpm_divide.tdf      ;         ;
; abs_divider.inc                  ; yes             ; Megafunction                 ; j:/altera/quartus/libraries/megafunctions/abs_divider.inc     ;         ;
; sign_div_unsign.inc              ; yes             ; Megafunction                 ; j:/altera/quartus/libraries/megafunctions/sign_div_unsign.inc ;         ;
; aglobal130.inc                   ; yes             ; Megafunction                 ; j:/altera/quartus/libraries/megafunctions/aglobal130.inc      ;         ;
; db/lpm_divide_qlo.tdf            ; yes             ; Auto-Generated Megafunction  ; J:/Quartus File/Pong_Game/db/lpm_divide_qlo.tdf               ;         ;
; db/abs_divider_4dg.tdf           ; yes             ; Auto-Generated Megafunction  ; J:/Quartus File/Pong_Game/db/abs_divider_4dg.tdf              ;         ;
; db/alt_u_div_k5f.tdf             ; yes             ; Auto-Generated Megafunction  ; J:/Quartus File/Pong_Game/db/alt_u_div_k5f.tdf                ;         ;
; db/add_sub_lkc.tdf               ; yes             ; Auto-Generated Megafunction  ; J:/Quartus File/Pong_Game/db/add_sub_lkc.tdf                  ;         ;
; db/add_sub_mkc.tdf               ; yes             ; Auto-Generated Megafunction  ; J:/Quartus File/Pong_Game/db/add_sub_mkc.tdf                  ;         ;
; db/lpm_abs_0s9.tdf               ; yes             ; Auto-Generated Megafunction  ; J:/Quartus File/Pong_Game/db/lpm_abs_0s9.tdf                  ;         ;
; db/lpm_divide_7so.tdf            ; yes             ; Auto-Generated Megafunction  ; J:/Quartus File/Pong_Game/db/lpm_divide_7so.tdf               ;         ;
; db/abs_divider_kbg.tdf           ; yes             ; Auto-Generated Megafunction  ; J:/Quartus File/Pong_Game/db/abs_divider_kbg.tdf              ;         ;
; db/alt_u_div_k2f.tdf             ; yes             ; Auto-Generated Megafunction  ; J:/Quartus File/Pong_Game/db/alt_u_div_k2f.tdf                ;         ;
; db/lpm_abs_gq9.tdf               ; yes             ; Auto-Generated Megafunction  ; J:/Quartus File/Pong_Game/db/lpm_abs_gq9.tdf                  ;         ;
+----------------------------------+-----------------+------------------------------+---------------------------------------------------------------+---------+


+-----------------------------------------------------+
; Analysis & Synthesis Resource Usage Summary         ;
+---------------------------------------------+-------+
; Resource                                    ; Usage ;
+---------------------------------------------+-------+
; Estimated Total logic elements              ; 6,845 ;
;                                             ;       ;
; Total combinational functions               ; 6789  ;
; Logic element usage by number of LUT inputs ;       ;
;     -- 4 input functions                    ; 2053  ;
;     -- 3 input functions                    ; 2605  ;
;     -- <=2 input functions                  ; 2131  ;
;                                             ;       ;
; Logic elements by mode                      ;       ;
;     -- normal mode                          ; 4220  ;
;     -- arithmetic mode                      ; 2569  ;
;                                             ;       ;
; Total registers                             ; 431   ;
;     -- Dedicated logic registers            ; 431   ;
;     -- I/O registers                        ; 0     ;
;                                             ;       ;
; I/O pins                                    ; 96    ;
; Embedded Multiplier 9-bit elements          ; 0     ;
; Maximum fan-out node                        ; clk25 ;
; Maximum fan-out                             ; 432   ;
; Total fan-out                               ; 21202 ;
; Average fan-out                             ; 2.90  ;
+---------------------------------------------+-------+


+----------------------------------------------------------------------------------------------------------------------------------------------------------------------------------------------------------------------------------------------------------------------------+
; Analysis & Synthesis Resource Utilization by Entity                                                                                                                                                                                                                        ;
+---------------------------------------+-------------------+--------------+-------------+--------------+---------+-----------+------+--------------+---------------------------------------------------------------------------------------------------------+--------------+
; Compilation Hierarchy Node            ; LC Combinationals ; LC Registers ; Memory Bits ; DSP Elements ; DSP 9x9 ; DSP 18x18 ; Pins ; Virtual Pins ; Full Hierarchy Name                                                                                     ; Library Name ;
+---------------------------------------+-------------------+--------------+-------------+--------------+---------+-----------+------+--------------+---------------------------------------------------------------------------------------------------------+--------------+
; |Pong_Game                            ; 6789 (2467)       ; 431 (431)    ; 0           ; 0            ; 0       ; 0         ; 96   ; 0            ; |Pong_Game                                                                                              ;              ;
;    |lpm_divide:Div0|                  ; 485 (0)           ; 0 (0)        ; 0           ; 0            ; 0       ; 0         ; 0    ; 0            ; |Pong_Game|lpm_divide:Div0                                                                              ;              ;
;       |lpm_divide_7so:auto_generated| ; 485 (0)           ; 0 (0)        ; 0           ; 0            ; 0       ; 0         ; 0    ; 0            ; |Pong_Game|lpm_divide:Div0|lpm_divide_7so:auto_generated                                                ;              ;
;          |abs_divider_kbg:divider|    ; 485 (36)          ; 0 (0)        ; 0           ; 0            ; 0       ; 0         ; 0    ; 0            ; |Pong_Game|lpm_divide:Div0|lpm_divide_7so:auto_generated|abs_divider_kbg:divider                        ;              ;
;             |alt_u_div_k2f:divider|   ; 449 (449)         ; 0 (0)        ; 0           ; 0            ; 0       ; 0         ; 0    ; 0            ; |Pong_Game|lpm_divide:Div0|lpm_divide_7so:auto_generated|abs_divider_kbg:divider|alt_u_div_k2f:divider  ;              ;
;    |lpm_divide:Div1|                  ; 485 (0)           ; 0 (0)        ; 0           ; 0            ; 0       ; 0         ; 0    ; 0            ; |Pong_Game|lpm_divide:Div1                                                                              ;              ;
;       |lpm_divide_7so:auto_generated| ; 485 (0)           ; 0 (0)        ; 0           ; 0            ; 0       ; 0         ; 0    ; 0            ; |Pong_Game|lpm_divide:Div1|lpm_divide_7so:auto_generated                                                ;              ;
;          |abs_divider_kbg:divider|    ; 485 (36)          ; 0 (0)        ; 0           ; 0            ; 0       ; 0         ; 0    ; 0            ; |Pong_Game|lpm_divide:Div1|lpm_divide_7so:auto_generated|abs_divider_kbg:divider                        ;              ;
;             |alt_u_div_k2f:divider|   ; 449 (449)         ; 0 (0)        ; 0           ; 0            ; 0       ; 0         ; 0    ; 0            ; |Pong_Game|lpm_divide:Div1|lpm_divide_7so:auto_generated|abs_divider_kbg:divider|alt_u_div_k2f:divider  ;              ;
;    |lpm_divide:Mod0|                  ; 1678 (0)          ; 0 (0)        ; 0           ; 0            ; 0       ; 0         ; 0    ; 0            ; |Pong_Game|lpm_divide:Mod0                                                                              ;              ;
;       |lpm_divide_qlo:auto_generated| ; 1678 (0)          ; 0 (0)        ; 0           ; 0            ; 0       ; 0         ; 0    ; 0            ; |Pong_Game|lpm_divide:Mod0|lpm_divide_qlo:auto_generated                                                ;              ;
;          |abs_divider_4dg:divider|    ; 1678 (64)         ; 0 (0)        ; 0           ; 0            ; 0       ; 0         ; 0    ; 0            ; |Pong_Game|lpm_divide:Mod0|lpm_divide_qlo:auto_generated|abs_divider_4dg:divider                        ;              ;
;             |alt_u_div_k5f:divider|   ; 1566 (1566)       ; 0 (0)        ; 0           ; 0            ; 0       ; 0         ; 0    ; 0            ; |Pong_Game|lpm_divide:Mod0|lpm_divide_qlo:auto_generated|abs_divider_4dg:divider|alt_u_div_k5f:divider  ;              ;
;             |lpm_abs_0s9:my_abs_num|  ; 48 (48)           ; 0 (0)        ; 0           ; 0            ; 0       ; 0         ; 0    ; 0            ; |Pong_Game|lpm_divide:Mod0|lpm_divide_qlo:auto_generated|abs_divider_4dg:divider|lpm_abs_0s9:my_abs_num ;              ;
;    |lpm_divide:Mod1|                  ; 1674 (0)          ; 0 (0)        ; 0           ; 0            ; 0       ; 0         ; 0    ; 0            ; |Pong_Game|lpm_divide:Mod1                                                                              ;              ;
;       |lpm_divide_qlo:auto_generated| ; 1674 (0)          ; 0 (0)        ; 0           ; 0            ; 0       ; 0         ; 0    ; 0            ; |Pong_Game|lpm_divide:Mod1|lpm_divide_qlo:auto_generated                                                ;              ;
;          |abs_divider_4dg:divider|    ; 1674 (64)         ; 0 (0)        ; 0           ; 0            ; 0       ; 0         ; 0    ; 0            ; |Pong_Game|lpm_divide:Mod1|lpm_divide_qlo:auto_generated|abs_divider_4dg:divider                        ;              ;
;             |alt_u_div_k5f:divider|   ; 1566 (1566)       ; 0 (0)        ; 0           ; 0            ; 0       ; 0         ; 0    ; 0            ; |Pong_Game|lpm_divide:Mod1|lpm_divide_qlo:auto_generated|abs_divider_4dg:divider|alt_u_div_k5f:divider  ;              ;
;             |lpm_abs_0s9:my_abs_num|  ; 44 (44)           ; 0 (0)        ; 0           ; 0            ; 0       ; 0         ; 0    ; 0            ; |Pong_Game|lpm_divide:Mod1|lpm_divide_qlo:auto_generated|abs_divider_4dg:divider|lpm_abs_0s9:my_abs_num ;              ;
+---------------------------------------+-------------------+--------------+-------------+--------------+---------+-----------+------+--------------+---------------------------------------------------------------------------------------------------------+--------------+
Note: For table entries with two numbers listed, the numbers in parentheses indicate the number of resources of the given type used by the specific entity alone. The numbers listed outside of parentheses indicate the total resources of the given type used by the specific entity and all of its sub-entities in the hierarchy.


+----------------------------------------------------------------------------------------------------+
; User-Specified and Inferred Latches                                                                ;
+-----------------------------------------------------+---------------------+------------------------+
; Latch Name                                          ; Latch Enable Signal ; Free of Timing Hazards ;
+-----------------------------------------------------+---------------------+------------------------+
; seven_0[0]$latch                                    ; GND                 ; yes                    ;
; seven_0[1]$latch                                    ; GND                 ; yes                    ;
; seven_0[2]$latch                                    ; GND                 ; yes                    ;
; seven_0[3]$latch                                    ; GND                 ; yes                    ;
; seven_0[4]$latch                                    ; GND                 ; yes                    ;
; seven_0[5]$latch                                    ; GND                 ; yes                    ;
; seven_0[6]$latch                                    ; GND                 ; yes                    ;
; seven_1[0]$latch                                    ; GND                 ; yes                    ;
; seven_1[1]$latch                                    ; GND                 ; yes                    ;
; seven_1[2]$latch                                    ; GND                 ; yes                    ;
; seven_1[3]$latch                                    ; GND                 ; yes                    ;
; seven_1[4]$latch                                    ; GND                 ; yes                    ;
; seven_1[5]$latch                                    ; GND                 ; yes                    ;
; seven_1[6]$latch                                    ; GND                 ; yes                    ;
; seven_6[0]$latch                                    ; GND                 ; yes                    ;
; seven_6[1]$latch                                    ; GND                 ; yes                    ;
; seven_6[2]$latch                                    ; GND                 ; yes                    ;
; seven_6[3]$latch                                    ; GND                 ; yes                    ;
; seven_6[4]$latch                                    ; GND                 ; yes                    ;
; seven_6[5]$latch                                    ; GND                 ; yes                    ;
; seven_6[6]$latch                                    ; GND                 ; yes                    ;
; seven_7[0]$latch                                    ; GND                 ; yes                    ;
; seven_7[1]$latch                                    ; GND                 ; yes                    ;
; seven_7[2]$latch                                    ; GND                 ; yes                    ;
; seven_7[3]$latch                                    ; GND                 ; yes                    ;
; seven_7[4]$latch                                    ; GND                 ; yes                    ;
; seven_7[5]$latch                                    ; GND                 ; yes                    ;
; seven_7[6]$latch                                    ; GND                 ; yes                    ;
; Number of user-specified and inferred latches = 28  ;                     ;                        ;
+-----------------------------------------------------+---------------------+------------------------+
Note: All latches listed above may not be present at the end of synthesis due to various synthesis optimizations.


+---------------------------------------------------------------------------------+
; Registers Removed During Synthesis                                              ;
+----------------------------------------+----------------------------------------+
; Register name                          ; Reason for Removal                     ;
+----------------------------------------+----------------------------------------+
; blueout[8]~reg0                        ; Stuck at GND due to stuck port data_in ;
; blueout[9]~reg0                        ; Stuck at GND due to stuck port data_in ;
; BARHEIGHT_B[10]                        ; Merged with BARHEIGHT_T[0]             ;
; BARHEIGHT_T[10]                        ; Merged with BARHEIGHT_T[0]             ;
; BARHEIGHT_B[4]                         ; Merged with BARHEIGHT_T[0]             ;
; BARHEIGHT_T[2,4,9]                     ; Merged with BARHEIGHT_T[0]             ;
; BARHEIGHT_B[9]                         ; Merged with BARHEIGHT_T[0]             ;
; BARHEIGHT_B[1,6,7]                     ; Merged with BARHEIGHT_T[1]             ;
; BARHEIGHT_T[3,5,7,8]                   ; Merged with BARHEIGHT_T[1]             ;
; BARHEIGHT_B[0,3,5]                     ; Merged with BARHEIGHT_T[1]             ;
; BARHEIGHT_T[6]                         ; Merged with BARHEIGHT_T[1]             ;
; BARHEIGHT_B[2,8]                       ; Merged with BARHEIGHT_T[1]             ;
; BARHEIGHT_T[0]                         ; Stuck at GND due to stuck port data_in ;
; BARHEIGHT_T[1]                         ; Stuck at VCC due to stuck port data_in ;
; BALL_B[0]                              ; Merged with BALL_T[0]                  ;
; BALL_LEFT[0]                           ; Merged with BALL_RIGHT[0]              ;
; BARWIDTH_R[0]                          ; Merged with BARWIDTH_L[0]              ;
; BALL_RIGHT[1]                          ; Merged with BALL_LEFT[1]               ;
; BARWIDTH_R[1]                          ; Merged with BARWIDTH_L[1]              ;
; BALL_RIGHT[2]                          ; Merged with BALL_LEFT[2]               ;
; BARWIDTH_R[2]                          ; Merged with BARWIDTH_L[2]              ;
; Total Number of Removed Registers = 31 ;                                        ;
+----------------------------------------+----------------------------------------+


+------------------------------------------------------+
; General Register Statistics                          ;
+----------------------------------------------+-------+
; Statistic                                    ; Value ;
+----------------------------------------------+-------+
; Total registers                              ; 431   ;
; Number of registers using Synchronous Clear  ; 54    ;
; Number of registers using Synchronous Load   ; 56    ;
; Number of registers using Asynchronous Clear ; 0     ;
; Number of registers using Asynchronous Load  ; 0     ;
; Number of registers using Clock Enable       ; 85    ;
; Number of registers using Preset             ; 0     ;
+----------------------------------------------+-------+


+---------------------------------------------------+
; Inverted Register Statistics                      ;
+-----------------------------------------+---------+
; Inverted Register                       ; Fan out ;
+-----------------------------------------+---------+
; reset                                   ; 217     ;
; BALL_LEFT[8]                            ; 2       ;
; BALL_LEFT[7]                            ; 2       ;
; BALL_LEFT[6]                            ; 2       ;
; BALL_LEFT[4]                            ; 2       ;
; BALL_LEFT[3]                            ; 2       ;
; BALL_RIGHT[0]                           ; 2       ;
; BALL_RIGHT[8]                           ; 1       ;
; BALL_RIGHT[7]                           ; 1       ;
; BALL_RIGHT[6]                           ; 1       ;
; BALL_RIGHT[5]                           ; 1       ;
; BALL_B[5]                               ; 2       ;
; BALL_B[4]                               ; 2       ;
; BALL_B[2]                               ; 3       ;
; BALL_B[1]                               ; 5       ;
; BALL_T[5]                               ; 3       ;
; BALL_T[3]                               ; 3       ;
; BALL_T[2]                               ; 3       ;
; BALL_T[1]                               ; 3       ;
; BARWIDTH_L[8]                           ; 2       ;
; BARWIDTH_L[7]                           ; 2       ;
; BARWIDTH_L[6]                           ; 2       ;
; BARWIDTH_L[3]                           ; 2       ;
; BARWIDTH_L[0]                           ; 4       ;
; BARWIDTH_R[8]                           ; 2       ;
; BARWIDTH_R[7]                           ; 2       ;
; BARWIDTH_R[6]                           ; 2       ;
; BARWIDTH_R[5]                           ; 2       ;
; BARWIDTH_R[4]                           ; 2       ;
; Total number of inverted registers = 29 ;         ;
+-----------------------------------------+---------+


+--------------------------------------------------------------------------------------------------------------------------------------------+
; Multiplexer Restructuring Statistics (Restructuring Performed)                                                                             ;
+--------------------+-----------+---------------+----------------------+------------------------+------------+------------------------------+
; Multiplexer Inputs ; Bus Width ; Baseline Area ; Area if Restructured ; Saving if Restructured ; Registered ; Example Multiplexer Output   ;
+--------------------+-----------+---------------+----------------------+------------------------+------------+------------------------------+
; 3:1                ; 10 bits   ; 20 LEs        ; 10 LEs               ; 10 LEs                 ; Yes        ; |Pong_Game|vertical_count[1] ;
; 3:1                ; 32 bits   ; 64 LEs        ; 64 LEs               ; 0 LEs                  ; Yes        ; |Pong_Game|count_bar[0]      ;
; 3:1                ; 32 bits   ; 64 LEs        ; 64 LEs               ; 0 LEs                  ; Yes        ; |Pong_Game|count_ball[1]     ;
; 6:1                ; 32 bits   ; 128 LEs       ; 64 LEs               ; 64 LEs                 ; Yes        ; |Pong_Game|direction[24]     ;
; 6:1                ; 84 bits   ; 336 LEs       ; 168 LEs              ; 168 LEs                ; Yes        ; |Pong_Game|BALL_LEFT[12]     ;
; 4:1                ; 32 bits   ; 64 LEs        ; 32 LEs               ; 32 LEs                 ; Yes        ; |Pong_Game|score[1]          ;
; 7:1                ; 31 bits   ; 124 LEs       ; 0 LEs                ; 124 LEs                ; Yes        ; |Pong_Game|highscore[6]      ;
; 3:1                ; 32 bits   ; 64 LEs        ; 64 LEs               ; 0 LEs                  ; No         ; |Pong_Game|direction         ;
; 3:1                ; 32 bits   ; 64 LEs        ; 64 LEs               ; 0 LEs                  ; No         ; |Pong_Game|count_hold        ;
; 4:1                ; 64 bits   ; 128 LEs       ; 64 LEs               ; 64 LEs                 ; No         ; |Pong_Game|BARWIDTH_R        ;
; 4:1                ; 32 bits   ; 64 LEs        ; 64 LEs               ; 0 LEs                  ; No         ; |Pong_Game|direction         ;
; 4:1                ; 32 bits   ; 64 LEs        ; 64 LEs               ; 0 LEs                  ; No         ; |Pong_Game|direction         ;
; 4:1                ; 32 bits   ; 64 LEs        ; 64 LEs               ; 0 LEs                  ; No         ; |Pong_Game|direction         ;
; 4:1                ; 128 bits  ; 256 LEs       ; 128 LEs              ; 128 LEs                ; No         ; |Pong_Game|BALL_LEFT         ;
; 5:1                ; 128 bits  ; 384 LEs       ; 128 LEs              ; 256 LEs                ; No         ; |Pong_Game|BALL_B            ;
; 5:1                ; 128 bits  ; 384 LEs       ; 128 LEs              ; 256 LEs                ; No         ; |Pong_Game|BALL_T            ;
; 5:1                ; 44 bits   ; 132 LEs       ; 88 LEs               ; 44 LEs                 ; No         ; |Pong_Game|BALL_LEFT         ;
; 5:1                ; 3 bits    ; 9 LEs         ; 6 LEs                ; 3 LEs                  ; No         ; |Pong_Game|seven_0[6]        ;
; 5:1                ; 3 bits    ; 9 LEs         ; 6 LEs                ; 3 LEs                  ; No         ; |Pong_Game|seven_1[6]        ;
; 5:1                ; 3 bits    ; 9 LEs         ; 6 LEs                ; 3 LEs                  ; No         ; |Pong_Game|seven_6[6]        ;
; 5:1                ; 3 bits    ; 9 LEs         ; 6 LEs                ; 3 LEs                  ; No         ; |Pong_Game|seven_7[6]        ;
+--------------------+-----------+---------------+----------------------+------------------------+------------+------------------------------+


+------------------------------------------------------------------+
; Parameter Settings for Inferred Entity Instance: lpm_divide:Mod0 ;
+------------------------+----------------+------------------------+
; Parameter Name         ; Value          ; Type                   ;
+------------------------+----------------+------------------------+
; LPM_WIDTHN             ; 32             ; Untyped                ;
; LPM_WIDTHD             ; 32             ; Untyped                ;
; LPM_NREPRESENTATION    ; SIGNED         ; Untyped                ;
; LPM_DREPRESENTATION    ; SIGNED         ; Untyped                ;
; LPM_PIPELINE           ; 0              ; Untyped                ;
; LPM_REMAINDERPOSITIVE  ; FALSE          ; Untyped                ;
; MAXIMIZE_SPEED         ; 5              ; Untyped                ;
; CBXI_PARAMETER         ; lpm_divide_qlo ; Untyped                ;
; CARRY_CHAIN            ; MANUAL         ; Untyped                ;
; OPTIMIZE_FOR_SPEED     ; 5              ; Untyped                ;
; AUTO_CARRY_CHAINS      ; ON             ; AUTO_CARRY             ;
; IGNORE_CARRY_BUFFERS   ; OFF            ; IGNORE_CARRY           ;
; AUTO_CASCADE_CHAINS    ; ON             ; AUTO_CASCADE           ;
; IGNORE_CASCADE_BUFFERS ; OFF            ; IGNORE_CASCADE         ;
+------------------------+----------------+------------------------+
Note: In order to hide this table in the UI and the text report file, please set the "Show Parameter Settings in Synthesis Report" option in "Analysis and Synthesis Settings -> More Settings" to "Off".


+------------------------------------------------------------------+
; Parameter Settings for Inferred Entity Instance: lpm_divide:Div0 ;
+------------------------+----------------+------------------------+
; Parameter Name         ; Value          ; Type                   ;
+------------------------+----------------+------------------------+
; LPM_WIDTHN             ; 32             ; Untyped                ;
; LPM_WIDTHD             ; 5              ; Untyped                ;
; LPM_NREPRESENTATION    ; SIGNED         ; Untyped                ;
; LPM_DREPRESENTATION    ; SIGNED         ; Untyped                ;
; LPM_PIPELINE           ; 0              ; Untyped                ;
; LPM_REMAINDERPOSITIVE  ; FALSE          ; Untyped                ;
; MAXIMIZE_SPEED         ; 5              ; Untyped                ;
; CBXI_PARAMETER         ; lpm_divide_7so ; Untyped                ;
; CARRY_CHAIN            ; MANUAL         ; Untyped                ;
; OPTIMIZE_FOR_SPEED     ; 5              ; Untyped                ;
; AUTO_CARRY_CHAINS      ; ON             ; AUTO_CARRY             ;
; IGNORE_CARRY_BUFFERS   ; OFF            ; IGNORE_CARRY           ;
; AUTO_CASCADE_CHAINS    ; ON             ; AUTO_CASCADE           ;
; IGNORE_CASCADE_BUFFERS ; OFF            ; IGNORE_CASCADE         ;
+------------------------+----------------+------------------------+
Note: In order to hide this table in the UI and the text report file, please set the "Show Parameter Settings in Synthesis Report" option in "Analysis and Synthesis Settings -> More Settings" to "Off".


+------------------------------------------------------------------+
; Parameter Settings for Inferred Entity Instance: lpm_divide:Mod1 ;
+------------------------+----------------+------------------------+
; Parameter Name         ; Value          ; Type                   ;
+------------------------+----------------+------------------------+
; LPM_WIDTHN             ; 32             ; Untyped                ;
; LPM_WIDTHD             ; 32             ; Untyped                ;
; LPM_NREPRESENTATION    ; SIGNED         ; Untyped                ;
; LPM_DREPRESENTATION    ; SIGNED         ; Untyped                ;
; LPM_PIPELINE           ; 0              ; Untyped                ;
; LPM_REMAINDERPOSITIVE  ; FALSE          ; Untyped                ;
; MAXIMIZE_SPEED         ; 5              ; Untyped                ;
; CBXI_PARAMETER         ; lpm_divide_qlo ; Untyped                ;
; CARRY_CHAIN            ; MANUAL         ; Untyped                ;
; OPTIMIZE_FOR_SPEED     ; 5              ; Untyped                ;
; AUTO_CARRY_CHAINS      ; ON             ; AUTO_CARRY             ;
; IGNORE_CARRY_BUFFERS   ; OFF            ; IGNORE_CARRY           ;
; AUTO_CASCADE_CHAINS    ; ON             ; AUTO_CASCADE           ;
; IGNORE_CASCADE_BUFFERS ; OFF            ; IGNORE_CASCADE         ;
+------------------------+----------------+------------------------+
Note: In order to hide this table in the UI and the text report file, please set the "Show Parameter Settings in Synthesis Report" option in "Analysis and Synthesis Settings -> More Settings" to "Off".


+------------------------------------------------------------------+
; Parameter Settings for Inferred Entity Instance: lpm_divide:Div1 ;
+------------------------+----------------+------------------------+
; Parameter Name         ; Value          ; Type                   ;
+------------------------+----------------+------------------------+
; LPM_WIDTHN             ; 32             ; Untyped                ;
; LPM_WIDTHD             ; 5              ; Untyped                ;
; LPM_NREPRESENTATION    ; SIGNED         ; Untyped                ;
; LPM_DREPRESENTATION    ; SIGNED         ; Untyped                ;
; LPM_PIPELINE           ; 0              ; Untyped                ;
; LPM_REMAINDERPOSITIVE  ; FALSE          ; Untyped                ;
; MAXIMIZE_SPEED         ; 5              ; Untyped                ;
; CBXI_PARAMETER         ; lpm_divide_7so ; Untyped                ;
; CARRY_CHAIN            ; MANUAL         ; Untyped                ;
; OPTIMIZE_FOR_SPEED     ; 5              ; Untyped                ;
; AUTO_CARRY_CHAINS      ; ON             ; AUTO_CARRY             ;
; IGNORE_CARRY_BUFFERS   ; OFF            ; IGNORE_CARRY           ;
; AUTO_CASCADE_CHAINS    ; ON             ; AUTO_CASCADE           ;
; IGNORE_CASCADE_BUFFERS ; OFF            ; IGNORE_CASCADE         ;
+------------------------+----------------+------------------------+
Note: In order to hide this table in the UI and the text report file, please set the "Show Parameter Settings in Synthesis Report" option in "Analysis and Synthesis Settings -> More Settings" to "Off".


+-------------------------------+
; Elapsed Time Per Partition    ;
+----------------+--------------+
; Partition Name ; Elapsed Time ;
+----------------+--------------+
; Top            ; 00:00:28     ;
+----------------+--------------+


+-------------------------------+
; Analysis & Synthesis Messages ;
+-------------------------------+
Info: *******************************************************************
Info: Running Quartus II 64-Bit Analysis & Synthesis
    Info: Version 13.0.0 Build 156 04/24/2013 SJ Web Edition
    Info: Processing started: Thu Nov 23 07:31:19 2017
Info: Command: quartus_map --read_settings_files=on --write_settings_files=off Pong_Game -c Pong_Game
Info (11104): Parallel Compilation has detected 12 hyper-threaded processors. However, the extra hyper-threaded processors will not be used by default. Parallel Compilation will use 6 of the 6 physical processors detected instead.
Info (12021): Found 2 design units, including 1 entities, in source file pong_game.vhd
    Info (12022): Found design unit 1: Pong_Game-behavioral
    Info (12023): Found entity 1: Pong_Game
Info (12127): Elaborating entity "Pong_Game" for the top level hierarchy
Warning (10492): VHDL Process Statement warning at Pong_Game.vhd(342): signal "score" is read inside the Process Statement but isn't in the Process Statement's sensitivity list
Warning (10492): VHDL Process Statement warning at Pong_Game.vhd(344): signal "score" is read inside the Process Statement but isn't in the Process Statement's sensitivity list
Warning (10492): VHDL Process Statement warning at Pong_Game.vhd(346): signal "score" is read inside the Process Statement but isn't in the Process Statement's sensitivity list
Warning (10492): VHDL Process Statement warning at Pong_Game.vhd(348): signal "score" is read inside the Process Statement but isn't in the Process Statement's sensitivity list
Warning (10492): VHDL Process Statement warning at Pong_Game.vhd(350): signal "score" is read inside the Process Statement but isn't in the Process Statement's sensitivity list
Warning (10492): VHDL Process Statement warning at Pong_Game.vhd(352): signal "score" is read inside the Process Statement but isn't in the Process Statement's sensitivity list
Warning (10492): VHDL Process Statement warning at Pong_Game.vhd(354): signal "score" is read inside the Process Statement but isn't in the Process Statement's sensitivity list
Warning (10492): VHDL Process Statement warning at Pong_Game.vhd(356): signal "score" is read inside the Process Statement but isn't in the Process Statement's sensitivity list
Warning (10492): VHDL Process Statement warning at Pong_Game.vhd(358): signal "score" is read inside the Process Statement but isn't in the Process Statement's sensitivity list
Warning (10492): VHDL Process Statement warning at Pong_Game.vhd(360): signal "score" is read inside the Process Statement but isn't in the Process Statement's sensitivity list
Warning (10492): VHDL Process Statement warning at Pong_Game.vhd(366): signal "score" is read inside the Process Statement but isn't in the Process Statement's sensitivity list
Warning (10492): VHDL Process Statement warning at Pong_Game.vhd(368): signal "score" is read inside the Process Statement but isn't in the Process Statement's sensitivity list
Warning (10492): VHDL Process Statement warning at Pong_Game.vhd(370): signal "score" is read inside the Process Statement but isn't in the Process Statement's sensitivity list
Warning (10492): VHDL Process Statement warning at Pong_Game.vhd(372): signal "score" is read inside the Process Statement but isn't in the Process Statement's sensitivity list
Warning (10492): VHDL Process Statement warning at Pong_Game.vhd(374): signal "score" is read inside the Process Statement but isn't in the Process Statement's sensitivity list
Warning (10492): VHDL Process Statement warning at Pong_Game.vhd(376): signal "score" is read inside the Process Statement but isn't in the Process Statement's sensitivity list
Warning (10492): VHDL Process Statement warning at Pong_Game.vhd(378): signal "score" is read inside the Process Statement but isn't in the Process Statement's sensitivity list
Warning (10492): VHDL Process Statement warning at Pong_Game.vhd(380): signal "score" is read inside the Process Statement but isn't in the Process Statement's sensitivity list
Warning (10492): VHDL Process Statement warning at Pong_Game.vhd(382): signal "score" is read inside the Process Statement but isn't in the Process Statement's sensitivity list
Warning (10492): VHDL Process Statement warning at Pong_Game.vhd(384): signal "score" is read inside the Process Statement but isn't in the Process Statement's sensitivity list
Warning (10492): VHDL Process Statement warning at Pong_Game.vhd(390): signal "highscore" is read inside the Process Statement but isn't in the Process Statement's sensitivity list
Warning (10492): VHDL Process Statement warning at Pong_Game.vhd(392): signal "highscore" is read inside the Process Statement but isn't in the Process Statement's sensitivity list
Warning (10492): VHDL Process Statement warning at Pong_Game.vhd(394): signal "highscore" is read inside the Process Statement but isn't in the Process Statement's sensitivity list
Warning (10492): VHDL Process Statement warning at Pong_Game.vhd(396): signal "highscore" is read inside the Process Statement but isn't in the Process Statement's sensitivity list
Warning (10492): VHDL Process Statement warning at Pong_Game.vhd(398): signal "highscore" is read inside the Process Statement but isn't in the Process Statement's sensitivity list
Warning (10492): VHDL Process Statement warning at Pong_Game.vhd(400): signal "highscore" is read inside the Process Statement but isn't in the Process Statement's sensitivity list
Warning (10492): VHDL Process Statement warning at Pong_Game.vhd(402): signal "highscore" is read inside the Process Statement but isn't in the Process Statement's sensitivity list
Warning (10492): VHDL Process Statement warning at Pong_Game.vhd(404): signal "highscore" is read inside the Process Statement but isn't in the Process Statement's sensitivity list
Warning (10492): VHDL Process Statement warning at Pong_Game.vhd(406): signal "highscore" is read inside the Process Statement but isn't in the Process Statement's sensitivity list
Warning (10492): VHDL Process Statement warning at Pong_Game.vhd(408): signal "highscore" is read inside the Process Statement but isn't in the Process Statement's sensitivity list
Warning (10492): VHDL Process Statement warning at Pong_Game.vhd(412): signal "highscore" is read inside the Process Statement but isn't in the Process Statement's sensitivity list
Warning (10492): VHDL Process Statement warning at Pong_Game.vhd(414): signal "highscore" is read inside the Process Statement but isn't in the Process Statement's sensitivity list
Warning (10492): VHDL Process Statement warning at Pong_Game.vhd(416): signal "highscore" is read inside the Process Statement but isn't in the Process Statement's sensitivity list
Warning (10492): VHDL Process Statement warning at Pong_Game.vhd(418): signal "highscore" is read inside the Process Statement but isn't in the Process Statement's sensitivity list
Warning (10492): VHDL Process Statement warning at Pong_Game.vhd(420): signal "highscore" is read inside the Process Statement but isn't in the Process Statement's sensitivity list
Warning (10492): VHDL Process Statement warning at Pong_Game.vhd(422): signal "highscore" is read inside the Process Statement but isn't in the Process Statement's sensitivity list
Warning (10492): VHDL Process Statement warning at Pong_Game.vhd(424): signal "highscore" is read inside the Process Statement but isn't in the Process Statement's sensitivity list
Warning (10492): VHDL Process Statement warning at Pong_Game.vhd(426): signal "highscore" is read inside the Process Statement but isn't in the Process Statement's sensitivity list
Warning (10492): VHDL Process Statement warning at Pong_Game.vhd(428): signal "highscore" is read inside the Process Statement but isn't in the Process Statement's sensitivity list
Warning (10492): VHDL Process Statement warning at Pong_Game.vhd(430): signal "highscore" is read inside the Process Statement but isn't in the Process Statement's sensitivity list
Warning (10631): VHDL Process Statement warning at Pong_Game.vhd(339): inferring latch(es) for signal or variable "seven_1", which holds its previous value in one or more paths through the process
Warning (10631): VHDL Process Statement warning at Pong_Game.vhd(339): inferring latch(es) for signal or variable "seven_0", which holds its previous value in one or more paths through the process
Warning (10631): VHDL Process Statement warning at Pong_Game.vhd(339): inferring latch(es) for signal or variable "seven_7", which holds its previous value in one or more paths through the process
Warning (10631): VHDL Process Statement warning at Pong_Game.vhd(339): inferring latch(es) for signal or variable "seven_6", which holds its previous value in one or more paths through the process
Info (10041): Inferred latch for "seven_6[0]" at Pong_Game.vhd(339)
Info (10041): Inferred latch for "seven_6[1]" at Pong_Game.vhd(339)
Info (10041): Inferred latch for "seven_6[2]" at Pong_Game.vhd(339)
Info (10041): Inferred latch for "seven_6[3]" at Pong_Game.vhd(339)
Info (10041): Inferred latch for "seven_6[4]" at Pong_Game.vhd(339)
Info (10041): Inferred latch for "seven_6[5]" at Pong_Game.vhd(339)
Info (10041): Inferred latch for "seven_6[6]" at Pong_Game.vhd(339)
Info (10041): Inferred latch for "seven_7[0]" at Pong_Game.vhd(339)
Info (10041): Inferred latch for "seven_7[1]" at Pong_Game.vhd(339)
Info (10041): Inferred latch for "seven_7[2]" at Pong_Game.vhd(339)
Info (10041): Inferred latch for "seven_7[3]" at Pong_Game.vhd(339)
Info (10041): Inferred latch for "seven_7[4]" at Pong_Game.vhd(339)
Info (10041): Inferred latch for "seven_7[5]" at Pong_Game.vhd(339)
Info (10041): Inferred latch for "seven_7[6]" at Pong_Game.vhd(339)
Info (10041): Inferred latch for "seven_0[0]" at Pong_Game.vhd(339)
Info (10041): Inferred latch for "seven_0[1]" at Pong_Game.vhd(339)
Info (10041): Inferred latch for "seven_0[2]" at Pong_Game.vhd(339)
Info (10041): Inferred latch for "seven_0[3]" at Pong_Game.vhd(339)
Info (10041): Inferred latch for "seven_0[4]" at Pong_Game.vhd(339)
Info (10041): Inferred latch for "seven_0[5]" at Pong_Game.vhd(339)
Info (10041): Inferred latch for "seven_0[6]" at Pong_Game.vhd(339)
Info (10041): Inferred latch for "seven_1[0]" at Pong_Game.vhd(339)
Info (10041): Inferred latch for "seven_1[1]" at Pong_Game.vhd(339)
Info (10041): Inferred latch for "seven_1[2]" at Pong_Game.vhd(339)
Info (10041): Inferred latch for "seven_1[3]" at Pong_Game.vhd(339)
Info (10041): Inferred latch for "seven_1[4]" at Pong_Game.vhd(339)
Info (10041): Inferred latch for "seven_1[5]" at Pong_Game.vhd(339)
Info (10041): Inferred latch for "seven_1[6]" at Pong_Game.vhd(339)
Info (278001): Inferred 4 megafunctions from design logic
    Info (278004): Inferred divider/modulo megafunction ("lpm_divide") from the following logic: "Mod0"
    Info (278004): Inferred divider/modulo megafunction ("lpm_divide") from the following logic: "Div0"
    Info (278004): Inferred divider/modulo megafunction ("lpm_divide") from the following logic: "Mod1"
    Info (278004): Inferred divider/modulo megafunction ("lpm_divide") from the following logic: "Div1"
Info (12130): Elaborated megafunction instantiation "lpm_divide:Mod0"
Info (12133): Instantiated megafunction "lpm_divide:Mod0" with the following parameter:
    Info (12134): Parameter "LPM_WIDTHN" = "32"
    Info (12134): Parameter "LPM_WIDTHD" = "32"
    Info (12134): Parameter "LPM_NREPRESENTATION" = "SIGNED"
    Info (12134): Parameter "LPM_DREPRESENTATION" = "SIGNED"
    Info (12134): Parameter "LPM_HINT" = "LPM_REMAINDERPOSITIVE=FALSE"
Info (12021): Found 1 design units, including 1 entities, in source file db/lpm_divide_qlo.tdf
    Info (12023): Found entity 1: lpm_divide_qlo
Info (12021): Found 1 design units, including 1 entities, in source file db/abs_divider_4dg.tdf
    Info (12023): Found entity 1: abs_divider_4dg
Info (12021): Found 1 design units, including 1 entities, in source file db/alt_u_div_k5f.tdf
    Info (12023): Found entity 1: alt_u_div_k5f
Info (12021): Found 1 design units, including 1 entities, in source file db/add_sub_lkc.tdf
    Info (12023): Found entity 1: add_sub_lkc
Info (12021): Found 1 design units, including 1 entities, in source file db/add_sub_mkc.tdf
    Info (12023): Found entity 1: add_sub_mkc
Info (12021): Found 1 design units, including 1 entities, in source file db/lpm_abs_0s9.tdf
    Info (12023): Found entity 1: lpm_abs_0s9
Info (12130): Elaborated megafunction instantiation "lpm_divide:Div0"
Info (12133): Instantiated megafunction "lpm_divide:Div0" with the following parameter:
    Info (12134): Parameter "LPM_WIDTHN" = "32"
    Info (12134): Parameter "LPM_WIDTHD" = "5"
    Info (12134): Parameter "LPM_NREPRESENTATION" = "SIGNED"
    Info (12134): Parameter "LPM_DREPRESENTATION" = "SIGNED"
    Info (12134): Parameter "LPM_HINT" = "LPM_REMAINDERPOSITIVE=FALSE"
Info (12021): Found 1 design units, including 1 entities, in source file db/lpm_divide_7so.tdf
    Info (12023): Found entity 1: lpm_divide_7so
Info (12021): Found 1 design units, including 1 entities, in source file db/abs_divider_kbg.tdf
    Info (12023): Found entity 1: abs_divider_kbg
Info (12021): Found 1 design units, including 1 entities, in source file db/alt_u_div_k2f.tdf
    Info (12023): Found entity 1: alt_u_div_k2f
Info (12021): Found 1 design units, including 1 entities, in source file db/lpm_abs_gq9.tdf
    Info (12023): Found entity 1: lpm_abs_gq9
Info (13014): Ignored 124 buffer(s)
    Info (13016): Ignored 124 CARRY_SUM buffer(s)
Warning (13024): Output pins are stuck at VCC or GND
    Warning (13410): Pin "blueout[8]" is stuck at GND
    Warning (13410): Pin "blueout[9]" is stuck at GND
    Warning (13410): Pin "sync" is stuck at GND
    Warning (13410): Pin "blank" is stuck at VCC
    Warning (13410): Pin "seven_2[0]" is stuck at VCC
    Warning (13410): Pin "seven_2[1]" is stuck at VCC
    Warning (13410): Pin "seven_2[2]" is stuck at VCC
    Warning (13410): Pin "seven_2[3]" is stuck at VCC
    Warning (13410): Pin "seven_2[4]" is stuck at VCC
    Warning (13410): Pin "seven_2[5]" is stuck at VCC
    Warning (13410): Pin "seven_2[6]" is stuck at VCC
    Warning (13410): Pin "seven_3[0]" is stuck at VCC
    Warning (13410): Pin "seven_3[1]" is stuck at VCC
    Warning (13410): Pin "seven_3[2]" is stuck at VCC
    Warning (13410): Pin "seven_3[3]" is stuck at VCC
    Warning (13410): Pin "seven_3[4]" is stuck at VCC
    Warning (13410): Pin "seven_3[5]" is stuck at VCC
    Warning (13410): Pin "seven_3[6]" is stuck at VCC
    Warning (13410): Pin "seven_4[0]" is stuck at VCC
    Warning (13410): Pin "seven_4[1]" is stuck at VCC
    Warning (13410): Pin "seven_4[2]" is stuck at VCC
    Warning (13410): Pin "seven_4[3]" is stuck at VCC
    Warning (13410): Pin "seven_4[4]" is stuck at VCC
    Warning (13410): Pin "seven_4[5]" is stuck at VCC
    Warning (13410): Pin "seven_4[6]" is stuck at VCC
    Warning (13410): Pin "seven_5[0]" is stuck at VCC
    Warning (13410): Pin "seven_5[1]" is stuck at VCC
    Warning (13410): Pin "seven_5[2]" is stuck at VCC
    Warning (13410): Pin "seven_5[3]" is stuck at VCC
    Warning (13410): Pin "seven_5[4]" is stuck at VCC
    Warning (13410): Pin "seven_5[5]" is stuck at VCC
    Warning (13410): Pin "seven_5[6]" is stuck at VCC
Info (16010): Generating hard_block partition "hard_block:auto_generated_inst"
    Info (16011): Adding 0 node(s), including 0 DDIO, 0 PLL, 0 transceiver and 0 LCELL
Info (21057): Implemented 7039 device resources after synthesis - the final resource count might be different
    Info (21058): Implemented 5 input pins
    Info (21059): Implemented 91 output pins
    Info (21061): Implemented 6943 logic cells
Info: Quartus II 64-Bit Analysis & Synthesis was successful. 0 errors, 77 warnings
    Info: Peak virtual memory: 594 megabytes
    Info: Processing ended: Thu Nov 23 07:31:50 2017
    Info: Elapsed time: 00:00:31
    Info: Total CPU time (on all processors): 00:00:31


